<?xml version="1.0" encoding="UTF-8"?>
<!-- Generated by org.testng.reporters.JUnitReportReporter -->
<testsuite skipped="0" hostname="DESKTOP-74TFK7E" name="com.training.sanity.tests.RETC_036_Tests" tests="1" failures="0" timestamp="21 Jan 2019 13:57:06 GMT" time="112.130" errors="0">
  <testcase name="validLoginTest" time="112.130" classname="com.training.sanity.tests.RETC_036_Tests"/>
</testsuite> <!-- com.training.sanity.tests.RETC_036_Tests -->
